<?xml version="1.0" encoding="UTF-8"?>
<!-- Generated by org.testng.reporters.JUnitXMLReporter -->
<testsuite hostname="inheritxsales" name="Default test" tests="10" failures="0" timestamp="3 Mar 2016 06:17:34 GMT" time="37.623" errors="0">
  <testcase name="testLogin" time="15.524" classname="testCase.HybridTestCase"/>
  <testcase name="testLogin" time="7.374" classname="testCase.HybridTestCase"/>
  <testcase name="testLogin" time="0.314" classname="testCase.HybridTestCase"/>
  <testcase name="testLogin" time="0.174" classname="testCase.HybridTestCase"/>
  <testcase name="testLogin" time="0.159" classname="testCase.HybridTestCase"/>
  <testcase name="testLogin" time="7.123" classname="testCase.HybridTestCase"/>
  <testcase name="testLogin" time="3.829" classname="testCase.HybridTestCase"/>
  <testcase name="testLogin" time="0.185" classname="testCase.HybridTestCase"/>
  <testcase name="testLogin" time="0.114" classname="testCase.HybridTestCase"/>
  <testcase name="testLogin" time="2.007" classname="testCase.HybridTestCase"/>
</testsuite> <!-- Default test -->
