<?xml version="1.0" encoding="UTF-8"?>
<testng-results skipped="0" failed="0" total="10" passed="10">
  <reporter-output>
  </reporter-output>
  <suite name="Default suite" duration-ms="37623" started-at="2016-03-03T06:16:56Z" finished-at="2016-03-03T06:17:34Z">
    <groups>
    </groups>
    <test name="Default test" duration-ms="37623" started-at="2016-03-03T06:16:56Z" finished-at="2016-03-03T06:17:34Z">
      <class name="testCase.HybridTestCase">
        <test-method status="PASS" signature="testLogin(java.lang.String, java.lang.String, java.lang.String, java.lang.String, java.lang.String)[pri:0, instance:testCase.HybridTestCase@100c0aa]" name="testLogin" duration-ms="15524" started-at="2016-03-03T11:46:57Z" data-provider="hybridData" finished-at="2016-03-03T11:47:13Z">
          <params>
            <param index="0">
              <value>
                <![CDATA[Reset Login In Application]]>
              </value>
            </param>
            <param index="1">
              <value>
                <![CDATA[]]>
              </value>
            </param>
            <param index="2">
              <value>
                <![CDATA[]]>
              </value>
            </param>
            <param index="3">
              <value>
                <![CDATA[]]>
              </value>
            </param>
            <param index="4">
              <value>
                <![CDATA[]]>
              </value>
            </param>
          </params>
          <reporter-output>
          </reporter-output>
        </test-method> <!-- testLogin -->
        <test-method status="PASS" signature="testLogin(java.lang.String, java.lang.String, java.lang.String, java.lang.String, java.lang.String)[pri:0, instance:testCase.HybridTestCase@100c0aa]" name="testLogin" duration-ms="7374" started-at="2016-03-03T11:47:13Z" data-provider="hybridData" finished-at="2016-03-03T11:47:20Z">
          <params>
            <param index="0">
              <value>
                <![CDATA[]]>
              </value>
            </param>
            <param index="1">
              <value>
                <![CDATA[GOTOURL]]>
              </value>
            </param>
            <param index="2">
              <value>
                <![CDATA[]]>
              </value>
            </param>
            <param index="3">
              <value>
                <![CDATA[]]>
              </value>
            </param>
            <param index="4">
              <value>
                <![CDATA[url]]>
              </value>
            </param>
          </params>
          <reporter-output>
          </reporter-output>
        </test-method> <!-- testLogin -->
        <test-method status="PASS" signature="testLogin(java.lang.String, java.lang.String, java.lang.String, java.lang.String, java.lang.String)[pri:0, instance:testCase.HybridTestCase@100c0aa]" name="testLogin" duration-ms="314" started-at="2016-03-03T11:47:20Z" data-provider="hybridData" finished-at="2016-03-03T11:47:20Z">
          <params>
            <param index="0">
              <value>
                <![CDATA[]]>
              </value>
            </param>
            <param index="1">
              <value>
                <![CDATA[SETTEXT]]>
              </value>
            </param>
            <param index="2">
              <value>
                <![CDATA[username]]>
              </value>
            </param>
            <param index="3">
              <value>
                <![CDATA[name]]>
              </value>
            </param>
            <param index="4">
              <value>
                <![CDATA[mgr123]]>
              </value>
            </param>
          </params>
          <reporter-output>
          </reporter-output>
        </test-method> <!-- testLogin -->
        <test-method status="PASS" signature="testLogin(java.lang.String, java.lang.String, java.lang.String, java.lang.String, java.lang.String)[pri:0, instance:testCase.HybridTestCase@100c0aa]" name="testLogin" duration-ms="174" started-at="2016-03-03T11:47:20Z" data-provider="hybridData" finished-at="2016-03-03T11:47:20Z">
          <params>
            <param index="0">
              <value>
                <![CDATA[]]>
              </value>
            </param>
            <param index="1">
              <value>
                <![CDATA[SETTEXT]]>
              </value>
            </param>
            <param index="2">
              <value>
                <![CDATA[password]]>
              </value>
            </param>
            <param index="3">
              <value>
                <![CDATA[name]]>
              </value>
            </param>
            <param index="4">
              <value>
                <![CDATA[mgr!23]]>
              </value>
            </param>
          </params>
          <reporter-output>
          </reporter-output>
        </test-method> <!-- testLogin -->
        <test-method status="PASS" signature="testLogin(java.lang.String, java.lang.String, java.lang.String, java.lang.String, java.lang.String)[pri:0, instance:testCase.HybridTestCase@100c0aa]" name="testLogin" duration-ms="159" started-at="2016-03-03T11:47:20Z" data-provider="hybridData" finished-at="2016-03-03T11:47:21Z">
          <params>
            <param index="0">
              <value>
                <![CDATA[]]>
              </value>
            </param>
            <param index="1">
              <value>
                <![CDATA[CLICK]]>
              </value>
            </param>
            <param index="2">
              <value>
                <![CDATA[resetButton]]>
              </value>
            </param>
            <param index="3">
              <value>
                <![CDATA[name]]>
              </value>
            </param>
            <param index="4">
              <value>
                <![CDATA[]]>
              </value>
            </param>
          </params>
          <reporter-output>
          </reporter-output>
        </test-method> <!-- testLogin -->
        <test-method status="PASS" signature="testLogin(java.lang.String, java.lang.String, java.lang.String, java.lang.String, java.lang.String)[pri:0, instance:testCase.HybridTestCase@100c0aa]" name="testLogin" duration-ms="7123" started-at="2016-03-03T11:47:21Z" data-provider="hybridData" finished-at="2016-03-03T11:47:28Z">
          <params>
            <param index="0">
              <value>
                <![CDATA[Login In Application]]>
              </value>
            </param>
            <param index="1">
              <value>
                <![CDATA[]]>
              </value>
            </param>
            <param index="2">
              <value>
                <![CDATA[]]>
              </value>
            </param>
            <param index="3">
              <value>
                <![CDATA[]]>
              </value>
            </param>
            <param index="4">
              <value>
                <![CDATA[]]>
              </value>
            </param>
          </params>
          <reporter-output>
          </reporter-output>
        </test-method> <!-- testLogin -->
        <test-method status="PASS" signature="testLogin(java.lang.String, java.lang.String, java.lang.String, java.lang.String, java.lang.String)[pri:0, instance:testCase.HybridTestCase@100c0aa]" name="testLogin" duration-ms="3829" started-at="2016-03-03T11:47:28Z" data-provider="hybridData" finished-at="2016-03-03T11:47:32Z">
          <params>
            <param index="0">
              <value>
                <![CDATA[]]>
              </value>
            </param>
            <param index="1">
              <value>
                <![CDATA[GOTOURL]]>
              </value>
            </param>
            <param index="2">
              <value>
                <![CDATA[]]>
              </value>
            </param>
            <param index="3">
              <value>
                <![CDATA[]]>
              </value>
            </param>
            <param index="4">
              <value>
                <![CDATA[url]]>
              </value>
            </param>
          </params>
          <reporter-output>
          </reporter-output>
        </test-method> <!-- testLogin -->
        <test-method status="PASS" signature="testLogin(java.lang.String, java.lang.String, java.lang.String, java.lang.String, java.lang.String)[pri:0, instance:testCase.HybridTestCase@100c0aa]" name="testLogin" duration-ms="185" started-at="2016-03-03T11:47:32Z" data-provider="hybridData" finished-at="2016-03-03T11:47:32Z">
          <params>
            <param index="0">
              <value>
                <![CDATA[]]>
              </value>
            </param>
            <param index="1">
              <value>
                <![CDATA[SETTEXT]]>
              </value>
            </param>
            <param index="2">
              <value>
                <![CDATA[username]]>
              </value>
            </param>
            <param index="3">
              <value>
                <![CDATA[name]]>
              </value>
            </param>
            <param index="4">
              <value>
                <![CDATA[mgr123]]>
              </value>
            </param>
          </params>
          <reporter-output>
          </reporter-output>
        </test-method> <!-- testLogin -->
        <test-method status="PASS" signature="testLogin(java.lang.String, java.lang.String, java.lang.String, java.lang.String, java.lang.String)[pri:0, instance:testCase.HybridTestCase@100c0aa]" name="testLogin" duration-ms="114" started-at="2016-03-03T11:47:32Z" data-provider="hybridData" finished-at="2016-03-03T11:47:32Z">
          <params>
            <param index="0">
              <value>
                <![CDATA[]]>
              </value>
            </param>
            <param index="1">
              <value>
                <![CDATA[SETTEXT]]>
              </value>
            </param>
            <param index="2">
              <value>
                <![CDATA[password]]>
              </value>
            </param>
            <param index="3">
              <value>
                <![CDATA[name]]>
              </value>
            </param>
            <param index="4">
              <value>
                <![CDATA[mgr!23]]>
              </value>
            </param>
          </params>
          <reporter-output>
          </reporter-output>
        </test-method> <!-- testLogin -->
        <test-method status="PASS" signature="testLogin(java.lang.String, java.lang.String, java.lang.String, java.lang.String, java.lang.String)[pri:0, instance:testCase.HybridTestCase@100c0aa]" name="testLogin" duration-ms="2007" started-at="2016-03-03T11:47:32Z" data-provider="hybridData" finished-at="2016-03-03T11:47:34Z">
          <params>
            <param index="0">
              <value>
                <![CDATA[]]>
              </value>
            </param>
            <param index="1">
              <value>
                <![CDATA[CLICK]]>
              </value>
            </param>
            <param index="2">
              <value>
                <![CDATA[loginButton]]>
              </value>
            </param>
            <param index="3">
              <value>
                <![CDATA[name]]>
              </value>
            </param>
            <param index="4">
              <value>
                <![CDATA[]]>
              </value>
            </param>
          </params>
          <reporter-output>
          </reporter-output>
        </test-method> <!-- testLogin -->
      </class> <!-- testCase.HybridTestCase -->
    </test> <!-- Default test -->
  </suite> <!-- Default suite -->
</testng-results>
