<?xml version="1.0" encoding="UTF-8"?>
<testng-results skipped="0" failed="0" total="1" passed="1">
  <reporter-output>
  </reporter-output>
  <suite name="Default suite" duration-ms="20735" started-at="2016-04-05T09:21:46Z" finished-at="2016-04-05T09:22:07Z">
    <groups>
    </groups>
    <test name="Default test" duration-ms="20735" started-at="2016-04-05T09:21:46Z" finished-at="2016-04-05T09:22:07Z">
      <class name="testCase.ExecuteTest">
        <test-method status="PASS" signature="testLogin()[pri:0, instance:testCase.ExecuteTest@2c5810]" name="testLogin" duration-ms="20712" started-at="2016-04-05T14:51:46Z" finished-at="2016-04-05T14:52:07Z">
          <reporter-output>
          </reporter-output>
        </test-method> <!-- testLogin -->
      </class> <!-- testCase.ExecuteTest -->
    </test> <!-- Default test -->
  </suite> <!-- Default suite -->
</testng-results>
